*** Using Compiler 'V5.06 update 6 (build 750)', folder: 'D:\Keil_v5\ARM\ARMCC\Bin'
Rebuild target 'IAP'
compiling crc.c...
compiling led.c...
compiling stmflash.c...
compiling stm32f4xx_it.c...
compiling sys.c...
compiling system_stm32f4xx.c...
compiling delay.c...
compiling main.c...
assembling startup_stm32f40_41xxx.s...
compiling usart.c...
compiling stm32f4xx_syscfg.c...
compiling stm32f4xx_rcc.c...
compiling stm32f4xx_gpio.c...
compiling stm32f4xx_fsmc.c...
compiling misc.c...
compiling stm32f4xx_usart.c...
compiling iap.c...
compiling stm32f4xx_flash.c...
linking...
Program Size: Code=4380 RO-data=1448 RW-data=40 ZI-data=126936  
FromELF: creating hex file...
"..\OBJ\IAP.axf" - 0 Error(s), 0 Warning(s).
Build Time Elapsed:  00:00:06
